<?xml version="1.0" encoding="UTF-8"?>
<!-- Generated by org.testng.reporters.JUnitXMLReporter -->
<testsuite ignored="4" hostname="LAPTOP-HBSFHFQ2" failures="0" tests="1" name="Default test" time="20.452" errors="0" timestamp="2023-06-08T11:29:08 GMT-04:00">
  <testcase classname="com.tutorialsninja.qa.testcases.LoginTest" name="loginWithValidCredentials" time="1.138"/>
  <testcase classname="com.tutorialsninja.qa.testcases.LoginTest" name="loginWithoutCredentials" time="0.0">
    <ignored/>
  </testcase> <!-- loginWithoutCredentials -->
  <testcase classname="com.tutorialsninja.qa.testcases.LoginTest" name="loginWithValidEmailInvalidPassword" time="0.0">
    <ignored/>
  </testcase> <!-- loginWithValidEmailInvalidPassword -->
  <testcase classname="com.tutorialsninja.qa.testcases.LoginTest" name="loginWithInValidEmailvalidPassword" time="0.0">
    <ignored/>
  </testcase> <!-- loginWithInValidEmailvalidPassword -->
  <testcase classname="com.tutorialsninja.qa.testcases.LoginTest" name="loginWithInvalidCredentials" time="0.0">
    <ignored/>
  </testcase> <!-- loginWithInvalidCredentials -->
</testsuite> <!-- Default test -->
