<?xml version="1.0" encoding="UTF-8"?>
<!-- Generated by org.testng.reporters.JUnitXMLReporter -->
<testsuite ignored="0" hostname="LAPTOP-HBSFHFQ2" failures="0" tests="12" name="Test" time="323.249" errors="0" timestamp="2023-06-08T10:25:11 GMT-04:00">
  <testcase classname="com.tutorialsninja.qa.testcases.LoginTest" name="loginWithValidCredentials" time="1.165"/>
  <testcase classname="com.tutorialsninja.qa.testcases.LoginTest" name="loginWithValidEmailInvalidPassword" time="0.784"/>
  <testcase classname="com.tutorialsninja.qa.testcases.LoginTest" name="loginWithInValidEmailvalidPassword" time="0.888"/>
  <testcase classname="com.tutorialsninja.qa.testcases.LoginTest" name="loginWithInvalidCredentials" time="0.843"/>
  <testcase classname="com.tutorialsninja.qa.testcases.LoginTest" name="loginWithoutCredentials" time="0.607"/>
  <testcase classname="com.tutorialsninja.qa.testcases.RegisterTest" name="registerWithmandaoryFields" time="1.737"/>
  <testcase classname="com.tutorialsninja.qa.testcases.RegisterTest" name="registerWithAllFields" time="1.596"/>
  <testcase classname="com.tutorialsninja.qa.testcases.RegisterTest" name="registerWithExistingEmailId" time="1.338"/>
  <testcase classname="com.tutorialsninja.qa.testcases.RegisterTest" name="registerWithNoFields" time="6.946"/>
  <testcase classname="com.tutorialsninja.qa.testcases.SearchProductTest" name="verifyValidProductSearch" time="0.83"/>
  <testcase classname="com.tutorialsninja.qa.testcases.SearchProductTest" name="verifyInvalidProductSearch" time="0.789"/>
  <testcase classname="com.tutorialsninja.qa.testcases.SearchProductTest" name="VerifySearchWithNoProduct" time="0.608"/>
</testsuite> <!-- Test -->
