<?xml version="1.0" encoding="UTF-8"?>
<!-- Generated by org.testng.reporters.JUnitXMLReporter -->
<testsuite ignored="0" hostname="LAPTOP-HBSFHFQ2" failures="0" tests="11" name="RegisterTest" time="332.614" errors="0" timestamp="2023-06-21T18:06:38 GMT-04:00">
  <testcase classname="com.tutorialsninja.qa.testcases.RegisterTest" name="registerWithmandaoryFields" time="1.604"/>
  <testcase classname="com.tutorialsninja.qa.testcases.RegisterTest" name="registerWithmandaoryFields" time="1.481"/>
  <testcase classname="com.tutorialsninja.qa.testcases.RegisterTest" name="registerWithmandaoryFields" time="1.535"/>
  <testcase classname="com.tutorialsninja.qa.testcases.RegisterTest" name="registerWithmandaoryFields" time="1.487"/>
  <testcase classname="com.tutorialsninja.qa.testcases.RegisterTest" name="registerWithmandaoryFields" time="1.501"/>
  <testcase classname="com.tutorialsninja.qa.testcases.RegisterTest" name="registerWithmandaoryFields" time="1.45"/>
  <testcase classname="com.tutorialsninja.qa.testcases.RegisterTest" name="registerWithmandaoryFields" time="1.458"/>
  <testcase classname="com.tutorialsninja.qa.testcases.RegisterTest" name="registerWithmandaoryFields" time="1.515"/>
  <testcase classname="com.tutorialsninja.qa.testcases.RegisterTest" name="registerWithAllFields" time="1.617"/>
  <testcase classname="com.tutorialsninja.qa.testcases.RegisterTest" name="registerWithExistingEmailId" time="1.176"/>
  <testcase classname="com.tutorialsninja.qa.testcases.RegisterTest" name="registerWithNoFields" time="0.611"/>
</testsuite> <!-- RegisterTest -->
