<?xml version="1.0" encoding="UTF-8"?>
<testng-results ignored="4" total="5" passed="1" failed="0" skipped="0">
  <reporter-output>
  </reporter-output>
  <suite started-at="2023-06-08T11:28:48 GMT-04:00" name="Default suite" finished-at="2023-06-08T11:29:08 GMT-04:00" duration-ms="20452">
    <groups>
    </groups>
    <test started-at="2023-06-08T11:28:48 GMT-04:00" name="Default test" finished-at="2023-06-08T11:29:08 GMT-04:00" duration-ms="20452">
      <class name="com.tutorialsninja.qa.testcases.LoginTest">
        <test-method is-config="true" signature="setup()[pri:0, instance:com.tutorialsninja.qa.testcases.LoginTest@2fb3536e]" started-at="2023-06-08T11:28:48 GMT-04:00" name="setup" finished-at="2023-06-08T11:29:00 GMT-04:00" duration-ms="12033" status="PASS">
          <reporter-output>
          </reporter-output>
        </test-method> <!-- setup -->
        <test-method signature="loginWithValidCredentials()[pri:1, instance:com.tutorialsninja.qa.testcases.LoginTest@2fb3536e]" started-at="2023-06-08T11:29:00 GMT-04:00" name="loginWithValidCredentials" finished-at="2023-06-08T11:29:01 GMT-04:00" duration-ms="1138" status="PASS">
          <reporter-output>
          </reporter-output>
        </test-method> <!-- loginWithValidCredentials -->
        <test-method is-config="true" signature="teardown()[pri:0, instance:com.tutorialsninja.qa.testcases.LoginTest@2fb3536e]" started-at="2023-06-08T11:29:01 GMT-04:00" name="teardown" finished-at="2023-06-08T11:29:08 GMT-04:00" duration-ms="7238" status="PASS">
          <reporter-output>
          </reporter-output>
        </test-method> <!-- teardown -->
      </class> <!-- com.tutorialsninja.qa.testcases.LoginTest -->
    </test> <!-- Default test -->
  </suite> <!-- Default suite -->
</testng-results>
