<?xml version="1.0" encoding="UTF-8"?>
<!-- Generated by org.testng.reporters.JUnitXMLReporter -->
<testsuite ignored="0" hostname="LAPTOP-HBSFHFQ2" failures="0" tests="14" name="LoginTest" time="401.192" errors="0" timestamp="2023-06-21T18:01:06 GMT-04:00">
  <testcase classname="com.tutorialsninja.qa.testcases.LoginTest" name="loginWithValidCredentials" time="1.289"/>
  <testcase classname="com.tutorialsninja.qa.testcases.LoginTest" name="loginWithValidCredentials" time="1.305"/>
  <testcase classname="com.tutorialsninja.qa.testcases.LoginTest" name="loginWithValidCredentials" time="1.039"/>
  <testcase classname="com.tutorialsninja.qa.testcases.LoginTest" name="loginWithValidCredentials" time="1.093"/>
  <testcase classname="com.tutorialsninja.qa.testcases.LoginTest" name="loginWithValidCredentials" time="1.053"/>
  <testcase classname="com.tutorialsninja.qa.testcases.LoginTest" name="loginWithValidCredentials" time="1.109"/>
  <testcase classname="com.tutorialsninja.qa.testcases.LoginTest" name="loginWithValidCredentials" time="1.059"/>
  <testcase classname="com.tutorialsninja.qa.testcases.LoginTest" name="loginWithValidCredentials" time="1.051"/>
  <testcase classname="com.tutorialsninja.qa.testcases.LoginTest" name="loginWithValidCredentials" time="1.032"/>
  <testcase classname="com.tutorialsninja.qa.testcases.LoginTest" name="loginWithValidCredentials" time="1.044"/>
  <testcase classname="com.tutorialsninja.qa.testcases.LoginTest" name="loginWithValidEmailInvalidPassword" time="0.758"/>
  <testcase classname="com.tutorialsninja.qa.testcases.LoginTest" name="loginWithInValidEmailvalidPassword" time="0.791"/>
  <testcase classname="com.tutorialsninja.qa.testcases.LoginTest" name="loginWithInvalidCredentials" time="0.823"/>
  <testcase classname="com.tutorialsninja.qa.testcases.LoginTest" name="loginWithoutCredentials" time="0.533"/>
</testsuite> <!-- LoginTest -->
